<?xml version="1.0" encoding="UTF-8"?>
<!-- Generated by org.testng.reporters.JUnitXMLReporter -->
<testsuite ignored="2" hostname="DESKTOP-UMGRVA8" failures="1" tests="1" name="Test" time="1.079" errors="0" timestamp="2025-04-09T16:44:02 IST">
  <testcase classname="Campaign.CreateCampaignTest" name="createCampaignTest" time="1.004">
    <failure type="java.lang.NullPointerException" message="Cannot invoke &amp;quot;org.openqa.selenium.SearchContext.findElement(org.openqa.selenium.By)&amp;quot; because &amp;quot;this.searchContext&amp;quot; is null">
      <![CDATA[java.lang.NullPointerException: Cannot invoke "org.openqa.selenium.SearchContext.findElement(org.openqa.selenium.By)" because "this.searchContext" is null
at org.openqa.selenium.support.pagefactory.DefaultElementLocator.findElement(DefaultElementLocator.java:68)
at org.openqa.selenium.support.pagefactory.internal.LocatingElementHandler.invoke(LocatingElementHandler.java:38)
at jdk.proxy2/jdk.proxy2.$Proxy17.click(Unknown Source)
at pom.HomePage.moretext(HomePage.java:62)
at Campaign.CreateCampaignTest.createCampaignTest(CreateCampaignTest.java:110)
at java.base/java.util.ArrayList.forEach(ArrayList.java:1596)
... Removed 25 stack frames]]>
    </failure>
  </testcase> <!-- createCampaignTest -->
  <testcase classname="Organisation.CreateOrganisationTest" name="createOrganisationTest" time="0.0">
    <ignored/>
  </testcase> <!-- createOrganisationTest -->
  <testcase classname="Campaign.CreateCampaignwithProduct" name="createCampaignwithProduct" time="0.0">
    <ignored/>
  </testcase> <!-- createCampaignwithProduct -->
</testsuite> <!-- Test -->
